<?xml version="1.0" encoding="UTF-8" ?>
<testsuite failures="0" time="6.181" errors="0" skipped="0" tests="2" name="com.example.helloworld.IntegrationTest">
  <properties>
    <property name="java.runtime.name" value="Java(TM) SE Runtime Environment"/>
    <property name="sun.boot.library.path" value="D:\Software\Java JDK\jre\bin"/>
    <property name="java.vm.version" value="23.3-b01"/>
    <property name="java.vm.vendor" value="Oracle Corporation"/>
    <property name="java.vendor.url" value="http://java.oracle.com/"/>
    <property name="path.separator" value=";"/>
    <property name="guice.disable.misplaced.annotation.check" value="true"/>
    <property name="java.vm.name" value="Java HotSpot(TM) Client VM"/>
    <property name="file.encoding.pkg" value="sun.io"/>
    <property name="user.script" value=""/>
    <property name="user.country" value="CN"/>
    <property name="sun.java.launcher" value="SUN_STANDARD"/>
    <property name="sun.os.patch.level" value="Service Pack 1"/>
    <property name="java.vm.specification.name" value="Java Virtual Machine Specification"/>
    <property name="user.dir" value="D:\Software\GitHub\Carpooling"/>
    <property name="java.runtime.version" value="1.7.0_07-b11"/>
    <property name="java.awt.graphicsenv" value="sun.awt.Win32GraphicsEnvironment"/>
    <property name="java.endorsed.dirs" value="D:\Software\Java JDK\jre\lib\endorsed"/>
    <property name="os.arch" value="x86"/>
    <property name="java.io.tmpdir" value="Z:\Users\Rickie\AppData\Local\Temp\"/>
    <property name="line.separator" value="
"/>
    <property name="java.vm.specification.vendor" value="Oracle Corporation"/>
    <property name="user.variant" value=""/>
    <property name="os.name" value="Windows 7"/>
    <property name="classworlds.conf" value="D:\Software\For_Eclipse\.metadata\.plugins\org.eclipse.m2e.launching\launches\m2conf4262988694190719159.tmp"/>
    <property name="sun.jnu.encoding" value="GBK"/>
    <property name="java.library.path" value="D:\Software\Java JDK\bin;Z:\Windows\Sun\Java\bin;Z:\Windows\system32;Z:\Windows;S:/Software_Z/eclipse-standard-kepler-R-win32-x86_64/eclipse/jre/bin/server;S:/Software_Z/eclipse-standard-kepler-R-win32-x86_64/eclipse/jre/bin;S:/Software_Z/eclipse-standard-kepler-R-win32-x86_64/eclipse/jre/lib/amd64;Z:\Program Files\Broadcom\Broadcom 802.11\Driver;;Z:\ProgramData\Oracle\Java\javapath;Z:\Program Files\Java\jdk1.7.0_40\bin;Z:\Program Files\Common Files\Microsoft Shared\Windows Live;Z:\Program Files (x86)\AMD APP\bin\x86_64;Z:\Program Files (x86)\AMD APP\bin\x86;Z:\Windows\system32;Z:\Windows;Z:\Windows\System32\Wbem;Z:\Windows\System32\WindowsPowerShell\v1.0\;Z:\Program Files (x86)\ATI Technologies\ATI.ACE\Core-Static;Z:\Program Files\WIDCOMM\Bluetooth Software\;Z:\Program Files\WIDCOMM\Bluetooth Software\syswow64;H:\IsoBuster;D:\Software\Win7 Acc\Windows7Master;Z:\Program Files (x86)\Microsoft SQL Server\100\Tools\Binn\;Z:\Program Files\Microsoft SQL Server\100\Tools\Binn\;Z:\Program Files\Microsoft SQL Server\100\DTS\Binn\;CATALINA_HOME =C:\apache-tomcat-6.0.18;D:\Software\MATLAB\runtime\win64;D:\Software\MATLAB\bin;D:\Software\MATLAB\polyspace\bin;D:\Software\MySQL\MySQL Utilities 1.3.6\;Z:\Program Files (x86)\Windows Kits\8.1\Windows Performance Toolkit\;Z:\Program Files\Microsoft SQL Server\110\Tools\Binn\;D:\Software\Skype\Phone\;;C:\Android;C:\Windows\System32;D:\Software\Maven\apache-maven-3.3.3\bin;Z:\Program Files (x86)\Tesseract-OCR;F:\Rickie&apos;s Privacy\SiGlass\Tesseract-OCR;Z:\Program Files\Common Files\Microsoft Shared\Windows Live;D:\Software\SSH Secure Shell;D:\Software\Maven\apache-maven-3.3.3\bin;;S:\Software_Z\eclipse-standard-kepler-R-win32-x86_64\eclipse;;."/>
    <property name="java.specification.name" value="Java Platform API Specification"/>
    <property name="java.class.version" value="51.0"/>
    <property name="sun.management.compiler" value="HotSpot Client Compiler"/>
    <property name="os.version" value="6.1"/>
    <property name="user.home" value="Z:\Users\Rickie"/>
    <property name="user.timezone" value="Asia/Shanghai"/>
    <property name="java.awt.printerjob" value="sun.awt.windows.WPrinterJob"/>
    <property name="java.specification.version" value="1.7"/>
    <property name="file.encoding" value="GBK"/>
    <property name="user.name" value="Rickie"/>
    <property name="java.class.path" value="/S:/Software_Z/eclipse-standard-kepler-R-win32-x86_64/eclipse/configuration/org.eclipse.osgi/bundles/286/1/.cp/jars/plexus-classworlds-2.4.jar"/>
    <property name="java.vm.specification.version" value="1.7"/>
    <property name="sun.arch.data.model" value="32"/>
    <property name="java.home" value="D:\Software\Java JDK\jre"/>
    <property name="sun.java.command" value="org.codehaus.plexus.classworlds.launcher.Launcher -B clean install"/>
    <property name="java.specification.vendor" value="Oracle Corporation"/>
    <property name="user.language" value="zh"/>
    <property name="awt.toolkit" value="sun.awt.windows.WToolkit"/>
    <property name="java.vm.info" value="mixed mode, sharing"/>
    <property name="java.version" value="1.7.0_07"/>
    <property name="java.ext.dirs" value="D:\Software\Java JDK\jre\lib\ext;Z:\Windows\Sun\Java\lib\ext"/>
    <property name="sun.boot.class.path" value="D:\Software\Java JDK\jre\lib\resources.jar;D:\Software\Java JDK\jre\lib\rt.jar;D:\Software\Java JDK\jre\lib\sunrsasign.jar;D:\Software\Java JDK\jre\lib\jsse.jar;D:\Software\Java JDK\jre\lib\jce.jar;D:\Software\Java JDK\jre\lib\charsets.jar;D:\Software\Java JDK\jre\lib\jfr.jar;D:\Software\Java JDK\jre\classes"/>
    <property name="java.vendor" value="Oracle Corporation"/>
    <property name="maven.home" value="D:\Software\GitHub\Carpooling\EMBEDDED"/>
    <property name="file.separator" value="\"/>
    <property name="java.vendor.url.bug" value="http://bugreport.sun.com/bugreport/"/>
    <property name="maven.bootclasspath" value="/S:/Software_Z/eclipse-standard-kepler-R-win32-x86_64/eclipse/configuration/org.eclipse.osgi/bundles/286/1/.cp/jars/plexus-classworlds-2.4.jar"/>
    <property name="sun.cpu.endian" value="little"/>
    <property name="sun.io.unicode.encoding" value="UnicodeLittle"/>
    <property name="sun.desktop" value="windows"/>
    <property name="sun.cpu.isalist" value="pentium_pro+mmx pentium_pro pentium+mmx pentium i486 i386 i86"/>
  </properties>
  <testcase time="0.525" classname="com.example.helloworld.IntegrationTest" name="testPostPerson"/>
  <testcase time="0.055" classname="com.example.helloworld.IntegrationTest" name="testHelloWorld"/>
</testsuite>